Hmm ... looks like a package

This is pdfTeX, Version 3.14159265-2.6-1.40.18 (TeX Live 2017/Arch Linux) (preloaded format=pdflatex)
 restricted \write18 enabled.
entering extended mode
LaTeX2e <2017-04-15>
Babel <3.15> and hyphenation patterns for 84 language(s) loaded.
(./Rd2.tex
(/usr/share/texmf-dist/tex/latex/base/book.cls
Document Class: book 2014/09/29 v1.4h Standard LaTeX document class
(/usr/share/texmf-dist/tex/latex/base/bk10.clo))
(/usr/share/texmf/tex/latex/Rd.sty
(/usr/share/texmf-dist/tex/latex/base/ifthen.sty)
(/usr/share/texmf-dist/tex/latex/tools/longtable.sty)
(/usr/share/texmf-dist/tex/latex/tools/bm.sty)
(/usr/share/texmf-dist/tex/latex/base/alltt.sty)
(/usr/share/texmf-dist/tex/latex/tools/verbatim.sty)
(/usr/share/texmf-dist/tex/latex/url/url.sty)
(/usr/share/texmf-dist/tex/latex/base/textcomp.sty
(/usr/share/texmf-dist/tex/latex/base/ts1enc.def))
(/usr/share/texmf-dist/tex/latex/base/fontenc.sty
(/usr/share/texmf-dist/tex/latex/base/t1enc.def))
(/usr/share/texmf-dist/tex/latex/psnfss/times.sty)
(/usr/share/texmf-dist/tex/latex/inconsolata/zi4.sty
`inconsolata-zi4' v1.112, 2017/01/04 Text macros for Inconsolata (msharpe)
(/usr/share/texmf-dist/tex/latex/xkeyval/xkeyval.sty
(/usr/share/texmf-dist/tex/generic/xkeyval/xkeyval.tex
(/usr/share/texmf-dist/tex/generic/xkeyval/xkvutils.tex
(/usr/share/texmf-dist/tex/generic/xkeyval/keyval.tex)))))
(/usr/share/texmf-dist/tex/latex/graphics/color.sty
(/usr/share/texmf-dist/tex/latex/graphics-cfg/color.cfg)
(/usr/share/texmf-dist/tex/latex/graphics-def/pdftex.def))
(/usr/share/texmf-dist/tex/latex/hyperref/hyperref.sty
(/usr/share/texmf-dist/tex/generic/oberdiek/hobsub-hyperref.sty
(/usr/share/texmf-dist/tex/generic/oberdiek/hobsub-generic.sty))
(/usr/share/texmf-dist/tex/generic/ifxetex/ifxetex.sty)
(/usr/share/texmf-dist/tex/latex/oberdiek/auxhook.sty)
(/usr/share/texmf-dist/tex/latex/oberdiek/kvoptions.sty)
(/usr/share/texmf-dist/tex/latex/hyperref/pd1enc.def)
(/usr/share/texmf-dist/tex/latex/latexconfig/hyperref.cfg))

Package hyperref Message: Driver (autodetected): hpdftex.

(/usr/share/texmf-dist/tex/latex/hyperref/hpdftex.def
(/usr/share/texmf-dist/tex/latex/oberdiek/rerunfilecheck.sty))

Package hyperref Warning: Option `hyperindex' has already been used,
(hyperref)                setting the option has no effect on input line 366.


Package hyperref Warning: Option `pagebackref' has already been used,
(hyperref)                setting the option has no effect on input line 366.

) (/usr/share/texmf-dist/tex/latex/base/makeidx.sty)
(/usr/share/texmf-dist/tex/latex/base/inputenc.sty
(/usr/share/texmf-dist/tex/latex/base/utf8.def
(/usr/share/texmf-dist/tex/latex/base/t1enc.dfu)
(/usr/share/texmf-dist/tex/latex/base/ot1enc.dfu)
(/usr/share/texmf-dist/tex/latex/base/omsenc.dfu)
(/usr/share/texmf-dist/tex/latex/base/ts1enc.dfu))
(/usr/share/texmf-dist/tex/latex/base/latin1.def))
Writing index file Rd2.idx
No file Rd2.aux.
(/usr/share/texmf-dist/tex/latex/base/ts1cmr.fd)
(/usr/share/texmf-dist/tex/latex/psnfss/t1ptm.fd)
(/usr/share/texmf-dist/tex/context/base/mkii/supp-pdf.mkii
[Loading MPS to PDF converter (version 2006.09.02).]
) (/usr/share/texmf-dist/tex/latex/hyperref/nameref.sty
(/usr/share/texmf-dist/tex/generic/oberdiek/gettitlestring.sty))
(/usr/share/texmf-dist/tex/latex/inconsolata/t1zi4.fd)
(/usr/share/texmf-dist/tex/latex/psnfss/ts1ptm.fd) [1{/var/lib/texmf/fonts/map/
pdftex/updmap/pdftex.map}] (/usr/share/texmf-dist/tex/latex/psnfss/t1phv.fd)
(/usr/share/texmf-dist/tex/latex/base/utf8.def) [2] [3] [4] [5] [6]
(/usr/share/texmf-dist/tex/latex/base/utf8.def)
(/usr/share/texmf-dist/tex/latex/base/utf8.def) [7]
(/usr/share/texmf-dist/tex/latex/base/utf8.def)
(/usr/share/texmf-dist/tex/latex/base/utf8.def) [8]
(/usr/share/texmf-dist/tex/latex/base/utf8.def) [9]
(/usr/share/texmf-dist/tex/latex/base/utf8.def) [10]
(/usr/share/texmf-dist/tex/latex/base/utf8.def) [11]
(/usr/share/texmf-dist/tex/latex/base/utf8.def)
(/usr/share/texmf-dist/tex/latex/base/utf8.def) [12]
(/usr/share/texmf-dist/tex/latex/base/utf8.def) [13]
(/usr/share/texmf-dist/tex/latex/base/utf8.def) [14]
(/usr/share/texmf-dist/tex/latex/base/utf8.def) [15]
(/usr/share/texmf-dist/tex/latex/base/utf8.def) [16]
(/usr/share/texmf-dist/tex/latex/base/utf8.def) [17]
Overfull \hbox (21.74101pt too wide) in paragraph at lines 1047--1047
 []\T1/zi4/m/n/9 loc2loc.nosep <- eco.convert(loc2loc, "matrix", "matrix", ploi
dy = 2, sep.in = "/", sep.out = "")[] 

Overfull \hbox (24.73795pt too wide) in paragraph at lines 1060--1060
 []\T1/zi4/m/n/9 # with the purpose of put/remove separators between alleles. T
he program accepts any ploidy level.[] 
(/usr/share/texmf-dist/tex/latex/base/utf8.def) [18] [19] [20]
(/usr/share/texmf-dist/tex/latex/base/utf8.def) [21] [22]
Overfull \hbox (8.01726pt too wide) in paragraph at lines 1354--1356
[]\T1/ptm/m/n/10 Logical. Should be row stan-dard-ized the ma-trix? De-fault FA
LSE (bi-nary weights). 
[23] (/usr/share/texmf-dist/tex/latex/inconsolata/ts1zi4.fd) [24]
Underfull \vbox (badness 10000) has occurred while \output is active [25]
Underfull \vbox (badness 10000) has occurred while \output is active [26]
(/usr/share/texmf-dist/tex/latex/base/utf8.def) [27] [28]
(/usr/share/texmf-dist/tex/latex/base/utf8.def) [29]
(/usr/share/texmf-dist/tex/latex/base/utf8.def) [30] [31]
(/usr/share/texmf-dist/tex/latex/base/utf8.def) [32]
(/usr/share/texmf-dist/tex/latex/base/utf8.def) [33] [34] [35]
(/usr/share/texmf-dist/tex/latex/base/utf8.def) [36]
(/usr/share/texmf-dist/tex/latex/base/utf8.def) [37] [38] [39]
Overfull \hbox (2.24715pt too wide) in paragraph at lines 2456--2456
 []\T1/zi4/m/n/9 ecoslot.BREAKS(classlist) # information about breaks. It inclu
des the upper and lower limits[] 
(/usr/share/texmf-dist/tex/latex/base/utf8.def)
(/usr/share/texmf-dist/tex/latex/base/utf8.def) [40] [41] [42]
(/usr/share/texmf-dist/tex/latex/base/utf8.def) [43]
Overfull \hbox (13.0158pt too wide) in paragraph at lines 2720--2722
[]\T1/ptm/m/n/10 For mul-ti-ple test, if the pa-ram-e-ter multi = "ma-trix", th
e pro-gram re-turns an ob-ject of class "eco.multilsa"
[44] [45]
Underfull \vbox (badness 10000) has occurred while \output is active [46]
Overfull \hbox (3.75021pt too wide) in paragraph at lines 2916--2916
 []\T1/zi4/m/n/9 ### (see ?eco.rankplot) when test = "permutation" and "eco.for
estplot" (see ?eco.forestplot)[] 

Underfull \vbox (badness 10000) has occurred while \output is active [47]
(/usr/share/texmf-dist/tex/latex/base/utf8.def) [48]
Overfull \hbox (8.01726pt too wide) in paragraph at lines 3057--3059
[]\T1/ptm/m/n/10 Logical. Should be row stan-dard-ized the ma-trix? De-fault FA
LSE (bi-nary weights). 
[49] [50] [51] [52] (/usr/share/texmf-dist/tex/latex/base/utf8.def) [53]
[54] (/usr/share/texmf-dist/tex/latex/base/utf8.def) [55]
Overfull \hbox (15.56815pt too wide) in paragraph at lines 3509--3513
[]\T1/ptm/m/n/10 Data frames to merge. Could be any com-bi-na-tion of the fol-l
ow-ing: "XY",P","G","E"
(/usr/share/texmf-dist/tex/latex/base/utf8.def) [56] [57]
(/usr/share/texmf-dist/tex/latex/base/utf8.def) [58] [59]
(/usr/share/texmf-dist/tex/latex/base/utf8.def)
(/usr/share/texmf-dist/tex/latex/base/utf8.def) [60]
(/usr/share/texmf-dist/tex/latex/base/utf8.def) [61]
(/usr/share/texmf-dist/tex/latex/base/utf8.def) [62]
(/usr/share/texmf-dist/tex/latex/base/utf8.def) [63]
(/usr/share/texmf-dist/tex/latex/base/utf8.def) [64]
Overfull \hbox (48.64687pt too wide) in paragraph at lines 4099--4101
[]\T1/ptm/m/n/10 additional ar-gu-ments passed to eco.rankplot, eco.forestplot,
 eco.resterplot o grf.seqmultiplot,
(/usr/share/texmf-dist/tex/latex/base/utf8.def) [65]
(/usr/share/texmf-dist/tex/latex/base/utf8.def) [66]
(/usr/share/texmf-dist/tex/latex/base/utf8.def) [67] [68]
(/usr/share/texmf-dist/tex/latex/base/utf8.def) [69]
Underfull \vbox (badness 10000) has occurred while \output is active [70]
(/usr/share/texmf-dist/tex/latex/base/utf8.def)
(/usr/share/texmf-dist/tex/latex/base/utf8.def) [71]
(/usr/share/texmf-dist/tex/latex/base/utf8.def) [72]
(/usr/share/texmf-dist/tex/latex/base/utf8.def) [73]
(/usr/share/texmf-dist/tex/latex/base/utf8.def) [74]
Overfull \hbox (24.73795pt too wide) in paragraph at lines 4717--4717
 []\T1/zi4/m/n/9 ras.square <- eco.slide.matrix(ras, r = 3, slide = 1, function
(x) mean(x, na.rm = TRUE), "square")[] 
(/usr/share/texmf-dist/tex/latex/base/utf8.def) [75] [76]
(/usr/share/texmf-dist/tex/latex/base/utf8.def)
(/usr/share/texmf-dist/tex/latex/base/utf8.def) [77] [78]
(/usr/share/texmf-dist/tex/latex/base/utf8.def)
Overfull \hbox (8.01726pt too wide) in paragraph at lines 4966--4968
[]\T1/ptm/m/n/10 Logical. Should be row stan-dard-ized the ma-trix? De-fault FA
LSE (bi-nary weights). 
[79] (/usr/share/texmf-dist/tex/latex/base/utf8.def) [80]
Overfull \hbox (8.01726pt too wide) in paragraph at lines 5087--5089
[]\T1/ptm/m/n/10 Logical. Should be row stan-dard-ized the ma-trix? De-fault FA
LSE (bi-nary weights). 
[81] [82] [83]
Underfull \vbox (badness 10000) has occurred while \output is active [84]
(/usr/share/texmf-dist/tex/latex/base/utf8.def)
(/usr/share/texmf-dist/tex/latex/base/utf8.def) [85]
(/usr/share/texmf-dist/tex/latex/base/utf8.def) [86]
Overfull \hbox (0.93724pt too wide) in paragraph at lines 5457--5459
[]\T1/ptm/m/n/10 Logical. Cre-ate valid row names? This ar-gu-ment is in-com-pa
t-i-ble with set.names.
[87] [88]
Overfull \hbox (5.23488pt too wide) in paragraph at lines 5563--5563
 []\T1/zi4/m/n/9 ecoslot.OUT(eco) <- list(singers, golden.number)    # several 
objects must be passed as a list[] 
(/usr/share/texmf-dist/tex/latex/base/utf8.def) [89]
(/usr/share/texmf-dist/tex/latex/base/utf8.def)
(/usr/share/texmf-dist/tex/latex/base/utf8.def) [90]
(/usr/share/texmf-dist/tex/latex/base/utf8.def) [91]
(/usr/share/texmf-dist/tex/latex/base/utf8.def) [92]
(/usr/share/texmf-dist/tex/latex/base/utf8.def) [93]
Overfull \hbox (20.24715pt too wide) in paragraph at lines 5917--5917
 []\T1/zi4/m/n/9 ecogen2spagedi(eco, dir = "", pop = "pop", ndig = 1,int=2, sma
x=6, outName="infile.spagedi.txt")[] 
(/usr/share/texmf-dist/tex/latex/base/utf8.def) [94]
(/usr/share/texmf-dist/tex/latex/base/utf8.def)
(/usr/share/texmf-dist/tex/latex/base/utf8.def) [95]
(/usr/share/texmf-dist/tex/latex/base/utf8.def)
(/usr/share/texmf-dist/tex/latex/base/utf8.def) [96]
(/usr/share/texmf-dist/tex/latex/base/utf8.def)
(/usr/share/texmf-dist/tex/latex/base/utf8.def) [97]
(/usr/share/texmf-dist/tex/latex/base/utf8.def) [98]
Overfull \hbox (20.24715pt too wide) in paragraph at lines 6142--6142
 []\T1/zi4/m/n/9 ecogen2spagedi(eco, dir = "", pop = "pop", ndig = 1,int=2, sma
x=6, outName="infile.spagedi.txt")[] 
(/usr/share/texmf-dist/tex/latex/base/utf8.def)
(/usr/share/texmf-dist/tex/latex/base/utf8.def) [99]
(/usr/share/texmf-dist/tex/latex/base/utf8.def)
(/usr/share/texmf-dist/tex/latex/base/utf8.def) [100]
No file Rd2.ind.
[101] (/tmp/RtmphPSiRg/Rd2pdf7b4cc85e850/Rd2.aux)

Package rerunfilecheck Warning: File `Rd2.out' has changed.
(rerunfilecheck)                Rerun to get outlines right
(rerunfilecheck)                or use package `bookmark'.

 )
(see the transcript file for additional information)pdfTeX warning (dest): name
{Rfn.dist} has been referenced but does not exist, replaced by a fixed one

pdfTeX warning (dest): name{Rfn.rkt} has been referenced but does not exist, re
placed by a fixed one

pdfTeX warning (dest): name{Rfn.plot.igraph} has been referenced but does not e
xist, replaced by a fixed one

pdfTeX warning (dest): name{Rfn.forceNetwork} has been referenced but does not 
exist, replaced by a fixed one

pdfTeX warning (dest): name{Rfn.TukeyHSD} has been referenced but does not exis
t, replaced by a fixed one

pdfTeX warning (dest): name{Rfn.wilcox.test} has been referenced but does not e
xist, replaced by a fixed one

pdfTeX warning (dest): name{Rfn.calc} has been referenced but does not exist, r
eplaced by a fixed one

pdfTeX warning (dest): name{Rfn.dataType} has been referenced but does not exis
t, replaced by a fixed one

pdfTeX warning (dest): name{Rfn.ctree} has been referenced but does not exist, 
replaced by a fixed one

pdfTeX warning (dest): name{Rfn.lm} has been referenced but does not exist, rep
laced by a fixed one

pdfTeX warning (dest): name{Rfn.step} has been referenced but does not exist, r
eplaced by a fixed one

pdfTeX warning (dest): name{Rfn.cor.test} has been referenced but does not exis
t, replaced by a fixed one

pdfTeX warning (dest): name{Rfn.cor} has been referenced but does not exist, re
placed by a fixed one

pdfTeX warning (dest): name{Rfn.fisher.test} has been referenced but does not e
xist, replaced by a fixed one

pdfTeX warning (dest): name{Rfn.chisq.test} has been referenced but does not ex
ist, replaced by a fixed one

pdfTeX warning (dest): name{Rfn.p.adjust} has been referenced but does not exis
t, replaced by a fixed one

pdfTeX warning (dest): name{Rfn.order} has been referenced but does not exist, 
replaced by a fixed one

pdfTeX warning (dest): name{Rfn.geoXY} has been referenced but does not exist, 
replaced by a fixed one

pdfTeX warning (dest): name{Rfn.saveRDS} has been referenced but does not exist
, replaced by a fixed one

pdfTeX warning (dest): name{Rfn.Extract} has been referenced but does not exist
, replaced by a fixed one

pdfTeX warning (dest): name{Rfn.ecoslot.XY} has been referenced but does not ex
ist, replaced by a fixed one

pdfTeX warning (dest): name{Rfn.Methods} has been referenced but does not exist
, replaced by a fixed one

{/usr/share/texmf-dist/fonts/enc/dvips/inconsolata/i4-ts1.enc}{/usr/share/texmf
-dist/fonts/enc/dvips/base/8r.enc}{/usr/share/texmf-dist/fonts/enc/dvips/incons
olata/i4-t1-0.enc}</usr/share/texmf-dist/fonts/type1/public/inconsolata/Inconso
lata-zi4r.pfb></usr/share/texmf-dist/fonts/type1/urw/helvetic/uhvr8a.pfb></usr/
share/texmf-dist/fonts/type1/urw/times/utmb8a.pfb></usr/share/texmf-dist/fonts/
type1/urw/times/utmbi8a.pfb></usr/share/texmf-dist/fonts/type1/urw/times/utmr8a
.pfb></usr/share/texmf-dist/fonts/type1/urw/times/utmr8a.pfb></usr/share/texmf-
dist/fonts/type1/urw/times/utmri8a.pfb>
Output written on Rd2.pdf (101 pages, 286921 bytes).
Transcript written on Rd2.log.
This is pdfTeX, Version 3.14159265-2.6-1.40.18 (TeX Live 2017/Arch Linux) (preloaded format=pdflatex)
 restricted \write18 enabled.
entering extended mode
LaTeX2e <2017-04-15>
Babel <3.15> and hyphenation patterns for 84 language(s) loaded.
(./Rd2.tex
(/usr/share/texmf-dist/tex/latex/base/book.cls
Document Class: book 2014/09/29 v1.4h Standard LaTeX document class
(/usr/share/texmf-dist/tex/latex/base/bk10.clo))
(/usr/share/texmf/tex/latex/Rd.sty
(/usr/share/texmf-dist/tex/latex/base/ifthen.sty)
(/usr/share/texmf-dist/tex/latex/tools/longtable.sty)
(/usr/share/texmf-dist/tex/latex/tools/bm.sty)
(/usr/share/texmf-dist/tex/latex/base/alltt.sty)
(/usr/share/texmf-dist/tex/latex/tools/verbatim.sty)
(/usr/share/texmf-dist/tex/latex/url/url.sty)
(/usr/share/texmf-dist/tex/latex/base/textcomp.sty
(/usr/share/texmf-dist/tex/latex/base/ts1enc.def))
(/usr/share/texmf-dist/tex/latex/base/fontenc.sty
(/usr/share/texmf-dist/tex/latex/base/t1enc.def))
(/usr/share/texmf-dist/tex/latex/psnfss/times.sty)
(/usr/share/texmf-dist/tex/latex/inconsolata/zi4.sty
`inconsolata-zi4' v1.112, 2017/01/04 Text macros for Inconsolata (msharpe)
(/usr/share/texmf-dist/tex/latex/xkeyval/xkeyval.sty
(/usr/share/texmf-dist/tex/generic/xkeyval/xkeyval.tex
(/usr/share/texmf-dist/tex/generic/xkeyval/xkvutils.tex
(/usr/share/texmf-dist/tex/generic/xkeyval/keyval.tex)))))
(/usr/share/texmf-dist/tex/latex/graphics/color.sty
(/usr/share/texmf-dist/tex/latex/graphics-cfg/color.cfg)
(/usr/share/texmf-dist/tex/latex/graphics-def/pdftex.def))
(/usr/share/texmf-dist/tex/latex/hyperref/hyperref.sty
(/usr/share/texmf-dist/tex/generic/oberdiek/hobsub-hyperref.sty
(/usr/share/texmf-dist/tex/generic/oberdiek/hobsub-generic.sty))
(/usr/share/texmf-dist/tex/generic/ifxetex/ifxetex.sty)
(/usr/share/texmf-dist/tex/latex/oberdiek/auxhook.sty)
(/usr/share/texmf-dist/tex/latex/oberdiek/kvoptions.sty)
(/usr/share/texmf-dist/tex/latex/hyperref/pd1enc.def)
(/usr/share/texmf-dist/tex/latex/latexconfig/hyperref.cfg))

Package hyperref Message: Driver (autodetected): hpdftex.

(/usr/share/texmf-dist/tex/latex/hyperref/hpdftex.def
(/usr/share/texmf-dist/tex/latex/oberdiek/rerunfilecheck.sty))

Package hyperref Warning: Option `hyperindex' has already been used,
(hyperref)                setting the option has no effect on input line 366.


Package hyperref Warning: Option `pagebackref' has already been used,
(hyperref)                setting the option has no effect on input line 366.

) (/usr/share/texmf-dist/tex/latex/base/makeidx.sty)
(/usr/share/texmf-dist/tex/latex/base/inputenc.sty
(/usr/share/texmf-dist/tex/latex/base/utf8.def
(/usr/share/texmf-dist/tex/latex/base/t1enc.dfu)
(/usr/share/texmf-dist/tex/latex/base/ot1enc.dfu)
(/usr/share/texmf-dist/tex/latex/base/omsenc.dfu)
(/usr/share/texmf-dist/tex/latex/base/ts1enc.dfu))
(/usr/share/texmf-dist/tex/latex/base/latin1.def))
Writing index file Rd2.idx
(/tmp/RtmphPSiRg/Rd2pdf7b4cc85e850/Rd2.aux)
(/usr/share/texmf-dist/tex/latex/base/ts1cmr.fd)
(/usr/share/texmf-dist/tex/latex/psnfss/t1ptm.fd)
(/usr/share/texmf-dist/tex/context/base/mkii/supp-pdf.mkii
[Loading MPS to PDF converter (version 2006.09.02).]
) (/usr/share/texmf-dist/tex/latex/hyperref/nameref.sty
(/usr/share/texmf-dist/tex/generic/oberdiek/gettitlestring.sty))
(/tmp/RtmphPSiRg/Rd2pdf7b4cc85e850/Rd2.out)
(/tmp/RtmphPSiRg/Rd2pdf7b4cc85e850/Rd2.out)
(/usr/share/texmf-dist/tex/latex/inconsolata/t1zi4.fd)
(/usr/share/texmf-dist/tex/latex/psnfss/ts1ptm.fd) [1{/var/lib/texmf/fonts/map/
pdftex/updmap/pdftex.map}] (/usr/share/texmf-dist/tex/latex/psnfss/t1phv.fd)
(/tmp/RtmphPSiRg/Rd2pdf7b4cc85e850/Rd2.toc [2])
(/usr/share/texmf-dist/tex/latex/base/utf8.def)
Underfull \vbox (badness 10000) has occurred while \output is active [3]
[4] [5] [6] [7] (/usr/share/texmf-dist/tex/latex/base/utf8.def) [8]
(/usr/share/texmf-dist/tex/latex/base/utf8.def)
(/usr/share/texmf-dist/tex/latex/base/utf8.def) [9]
(/usr/share/texmf-dist/tex/latex/base/utf8.def)
(/usr/share/texmf-dist/tex/latex/base/utf8.def) [10]
(/usr/share/texmf-dist/tex/latex/base/utf8.def) [11]
(/usr/share/texmf-dist/tex/latex/base/utf8.def) [12]
(/usr/share/texmf-dist/tex/latex/base/utf8.def)
(/usr/share/texmf-dist/tex/latex/base/utf8.def) [13]
(/usr/share/texmf-dist/tex/latex/base/utf8.def) [14]
(/usr/share/texmf-dist/tex/latex/base/utf8.def) [15]
(/usr/share/texmf-dist/tex/latex/base/utf8.def) [16]
(/usr/share/texmf-dist/tex/latex/base/utf8.def) [17]
(/usr/share/texmf-dist/tex/latex/base/utf8.def) [18]
Overfull \hbox (21.74101pt too wide) in paragraph at lines 1047--1047
 []\T1/zi4/m/n/9 loc2loc.nosep <- eco.convert(loc2loc, "matrix", "matrix", ploi
dy = 2, sep.in = "/", sep.out = "")[] 

Overfull \hbox (24.73795pt too wide) in paragraph at lines 1060--1060
 []\T1/zi4/m/n/9 # with the purpose of put/remove separators between alleles. T
he program accepts any ploidy level.[] 
[19] (/usr/share/texmf-dist/tex/latex/base/utf8.def) [20] [21] [22]
(/usr/share/texmf-dist/tex/latex/base/utf8.def) [23]
Overfull \hbox (8.01726pt too wide) in paragraph at lines 1354--1356
[]\T1/ptm/m/n/10 Logical. Should be row stan-dard-ized the ma-trix? De-fault FA
LSE (bi-nary weights). 
[24] (/usr/share/texmf-dist/tex/latex/inconsolata/ts1zi4.fd) [25]
Underfull \vbox (badness 10000) has occurred while \output is active [26]
Underfull \vbox (badness 10000) has occurred while \output is active [27]
(/usr/share/texmf-dist/tex/latex/base/utf8.def) [28] [29]
(/usr/share/texmf-dist/tex/latex/base/utf8.def) [30]
(/usr/share/texmf-dist/tex/latex/base/utf8.def) [31] [32]
(/usr/share/texmf-dist/tex/latex/base/utf8.def) [33]
(/usr/share/texmf-dist/tex/latex/base/utf8.def) [34] [35] [36]
Underfull \vbox (badness 10000) has occurred while \output is active [37]
(/usr/share/texmf-dist/tex/latex/base/utf8.def) [38]
(/usr/share/texmf-dist/tex/latex/base/utf8.def) [39] [40]
Underfull \vbox (badness 10000) has occurred while \output is active [41]
Overfull \hbox (2.24715pt too wide) in paragraph at lines 2456--2456
 []\T1/zi4/m/n/9 ecoslot.BREAKS(classlist) # information about breaks. It inclu
des the upper and lower limits[] 
(/usr/share/texmf-dist/tex/latex/base/utf8.def)
(/usr/share/texmf-dist/tex/latex/base/utf8.def) [42] [43]
(/usr/share/texmf-dist/tex/latex/base/utf8.def) [44]
Overfull \hbox (13.0158pt too wide) in paragraph at lines 2720--2722
[]\T1/ptm/m/n/10 For mul-ti-ple test, if the pa-ram-e-ter multi = "ma-trix", th
e pro-gram re-turns an ob-ject of class "eco.multilsa"
[45] [46]
Underfull \vbox (badness 10000) has occurred while \output is active [47]
Underfull \vbox (badness 10000) has occurred while \output is active [48]
Overfull \hbox (3.75021pt too wide) in paragraph at lines 2916--2916
 []\T1/zi4/m/n/9 ### (see ?eco.rankplot) when test = "permutation" and "eco.for
estplot" (see ?eco.forestplot)[] 

Underfull \vbox (badness 10000) has occurred while \output is active [49]
(/usr/share/texmf-dist/tex/latex/base/utf8.def) [50]
Overfull \hbox (8.01726pt too wide) in paragraph at lines 3057--3059
[]\T1/ptm/m/n/10 Logical. Should be row stan-dard-ized the ma-trix? De-fault FA
LSE (bi-nary weights). 
[51] [52] [53]
Underfull \vbox (badness 10000) has occurred while \output is active [54]
(/usr/share/texmf-dist/tex/latex/base/utf8.def) [55] [56]
(/usr/share/texmf-dist/tex/latex/base/utf8.def)
Overfull \hbox (15.56815pt too wide) in paragraph at lines 3509--3513
[]\T1/ptm/m/n/10 Data frames to merge. Could be any com-bi-na-tion of the fol-l
ow-ing: "XY",P","G","E"
[57] (/usr/share/texmf-dist/tex/latex/base/utf8.def) [58]
(/usr/share/texmf-dist/tex/latex/base/utf8.def) [59] [60]
(/usr/share/texmf-dist/tex/latex/base/utf8.def) [61]
(/usr/share/texmf-dist/tex/latex/base/utf8.def) [62]
(/usr/share/texmf-dist/tex/latex/base/utf8.def) [63]
(/usr/share/texmf-dist/tex/latex/base/utf8.def) [64]
(/usr/share/texmf-dist/tex/latex/base/utf8.def)
(/usr/share/texmf-dist/tex/latex/base/utf8.def) [65] [66]
Overfull \hbox (48.64687pt too wide) in paragraph at lines 4099--4101
[]\T1/ptm/m/n/10 additional ar-gu-ments passed to eco.rankplot, eco.forestplot,
 eco.resterplot o grf.seqmultiplot,
(/usr/share/texmf-dist/tex/latex/base/utf8.def)
(/usr/share/texmf-dist/tex/latex/base/utf8.def) [67] [68]
(/usr/share/texmf-dist/tex/latex/base/utf8.def) [69]
(/usr/share/texmf-dist/tex/latex/base/utf8.def) [70] [71]
(/usr/share/texmf-dist/tex/latex/base/utf8.def) [72]
(/usr/share/texmf-dist/tex/latex/base/utf8.def) [73]
(/usr/share/texmf-dist/tex/latex/base/utf8.def) [74]
(/usr/share/texmf-dist/tex/latex/base/utf8.def) [75]
(/usr/share/texmf-dist/tex/latex/base/utf8.def)
Overfull \hbox (24.73795pt too wide) in paragraph at lines 4717--4717
 []\T1/zi4/m/n/9 ras.square <- eco.slide.matrix(ras, r = 3, slide = 1, function
(x) mean(x, na.rm = TRUE), "square")[] 
[76] (/usr/share/texmf-dist/tex/latex/base/utf8.def) [77]
(/usr/share/texmf-dist/tex/latex/base/utf8.def) [78]
(/usr/share/texmf-dist/tex/latex/base/utf8.def) [79]
(/usr/share/texmf-dist/tex/latex/base/utf8.def)
Overfull \hbox (8.01726pt too wide) in paragraph at lines 4966--4968
[]\T1/ptm/m/n/10 Logical. Should be row stan-dard-ized the ma-trix? De-fault FA
LSE (bi-nary weights). 
[80] [81] (/usr/share/texmf-dist/tex/latex/base/utf8.def)
Overfull \hbox (8.01726pt too wide) in paragraph at lines 5087--5089
[]\T1/ptm/m/n/10 Logical. Should be row stan-dard-ized the ma-trix? De-fault FA
LSE (bi-nary weights). 
[82] [83] [84]
Underfull \vbox (badness 10000) has occurred while \output is active [85]
(/usr/share/texmf-dist/tex/latex/base/utf8.def)
(/usr/share/texmf-dist/tex/latex/base/utf8.def) [86]
(/usr/share/texmf-dist/tex/latex/base/utf8.def) [87]
Overfull \hbox (0.93724pt too wide) in paragraph at lines 5457--5459
[]\T1/ptm/m/n/10 Logical. Cre-ate valid row names? This ar-gu-ment is in-com-pa
t-i-ble with set.names.
[88] [89]
Overfull \hbox (5.23488pt too wide) in paragraph at lines 5563--5563
 []\T1/zi4/m/n/9 ecoslot.OUT(eco) <- list(singers, golden.number)    # several 
objects must be passed as a list[] 
(/usr/share/texmf-dist/tex/latex/base/utf8.def) [90]
(/usr/share/texmf-dist/tex/latex/base/utf8.def)
(/usr/share/texmf-dist/tex/latex/base/utf8.def) [91]
(/usr/share/texmf-dist/tex/latex/base/utf8.def) [92]
(/usr/share/texmf-dist/tex/latex/base/utf8.def) [93]
(/usr/share/texmf-dist/tex/latex/base/utf8.def) [94]
Overfull \hbox (20.24715pt too wide) in paragraph at lines 5917--5917
 []\T1/zi4/m/n/9 ecogen2spagedi(eco, dir = "", pop = "pop", ndig = 1,int=2, sma
x=6, outName="infile.spagedi.txt")[] 
(/usr/share/texmf-dist/tex/latex/base/utf8.def) [95]
(/usr/share/texmf-dist/tex/latex/base/utf8.def)
(/usr/share/texmf-dist/tex/latex/base/utf8.def) [96]
(/usr/share/texmf-dist/tex/latex/base/utf8.def)
(/usr/share/texmf-dist/tex/latex/base/utf8.def) [97]
(/usr/share/texmf-dist/tex/latex/base/utf8.def)
(/usr/share/texmf-dist/tex/latex/base/utf8.def) [98]
(/usr/share/texmf-dist/tex/latex/base/utf8.def) [99]
Overfull \hbox (20.24715pt too wide) in paragraph at lines 6142--6142
 []\T1/zi4/m/n/9 ecogen2spagedi(eco, dir = "", pop = "pop", ndig = 1,int=2, sma
x=6, outName="infile.spagedi.txt")[] 
(/usr/share/texmf-dist/tex/latex/base/utf8.def)
(/usr/share/texmf-dist/tex/latex/base/utf8.def) [100]
(/usr/share/texmf-dist/tex/latex/base/utf8.def)
(/usr/share/texmf-dist/tex/latex/base/utf8.def) [101]
No file Rd2.ind.
[102] (/tmp/RtmphPSiRg/Rd2pdf7b4cc85e850/Rd2.aux) )
(see the transcript file for additional information)pdfTeX warning (dest): name
{Rfn.dist} has been referenced but does not exist, replaced by a fixed one

pdfTeX warning (dest): name{Rfn.rkt} has been referenced but does not exist, re
placed by a fixed one

pdfTeX warning (dest): name{Rfn.plot.igraph} has been referenced but does not e
xist, replaced by a fixed one

pdfTeX warning (dest): name{Rfn.forceNetwork} has been referenced but does not 
exist, replaced by a fixed one

pdfTeX warning (dest): name{Rfn.TukeyHSD} has been referenced but does not exis
t, replaced by a fixed one

pdfTeX warning (dest): name{Rfn.wilcox.test} has been referenced but does not e
xist, replaced by a fixed one

pdfTeX warning (dest): name{Rfn.calc} has been referenced but does not exist, r
eplaced by a fixed one

pdfTeX warning (dest): name{Rfn.dataType} has been referenced but does not exis
t, replaced by a fixed one

pdfTeX warning (dest): name{Rfn.ctree} has been referenced but does not exist, 
replaced by a fixed one

pdfTeX warning (dest): name{Rfn.lm} has been referenced but does not exist, rep
laced by a fixed one

pdfTeX warning (dest): name{Rfn.step} has been referenced but does not exist, r
eplaced by a fixed one

pdfTeX warning (dest): name{Rfn.cor.test} has been referenced but does not exis
t, replaced by a fixed one

pdfTeX warning (dest): name{Rfn.cor} has been referenced but does not exist, re
placed by a fixed one

pdfTeX warning (dest): name{Rfn.fisher.test} has been referenced but does not e
xist, replaced by a fixed one

pdfTeX warning (dest): name{Rfn.chisq.test} has been referenced but does not ex
ist, replaced by a fixed one

pdfTeX warning (dest): name{Rfn.p.adjust} has been referenced but does not exis
t, replaced by a fixed one

pdfTeX warning (dest): name{Rfn.order} has been referenced but does not exist, 
replaced by a fixed one

pdfTeX warning (dest): name{Rfn.geoXY} has been referenced but does not exist, 
replaced by a fixed one

pdfTeX warning (dest): name{Rfn.saveRDS} has been referenced but does not exist
, replaced by a fixed one

pdfTeX warning (dest): name{Rfn.Extract} has been referenced but does not exist
, replaced by a fixed one

pdfTeX warning (dest): name{Rfn.ecoslot.XY} has been referenced but does not ex
ist, replaced by a fixed one

pdfTeX warning (dest): name{Rfn.Methods} has been referenced but does not exist
, replaced by a fixed one

{/usr/share/texmf-dist/fonts/enc/dvips/inconsolata/i4-ts1.enc}{/usr/share/texmf
-dist/fonts/enc/dvips/base/8r.enc}{/usr/share/texmf-dist/fonts/enc/dvips/incons
olata/i4-t1-0.enc}</usr/share/texmf-dist/fonts/type1/public/inconsolata/Inconso
lata-zi4r.pfb></usr/share/texmf-dist/fonts/type1/urw/helvetic/uhvr8a.pfb></usr/
share/texmf-dist/fonts/type1/urw/times/utmb8a.pfb></usr/share/texmf-dist/fonts/
type1/urw/times/utmbi8a.pfb></usr/share/texmf-dist/fonts/type1/urw/times/utmr8a
.pfb></usr/share/texmf-dist/fonts/type1/urw/times/utmr8a.pfb></usr/share/texmf-
dist/fonts/type1/urw/times/utmri8a.pfb>
Output written on Rd2.pdf (102 pages, 295201 bytes).
Transcript written on Rd2.log.
This is makeindex, version 2.15 [TeX Live 2017] (kpathsea + Thai support).
Scanning input file Rd2.idx....done (217 entries accepted, 1 rejected).
Sorting entries.....done (1865 comparisons).
Generating output file Rd2.ind....done (262 lines written, 0 warnings).
Output written in Rd2.ind.
Transcript written in Rd2.ilg.
This is pdfTeX, Version 3.14159265-2.6-1.40.18 (TeX Live 2017/Arch Linux) (preloaded format=pdflatex)
 restricted \write18 enabled.
entering extended mode
LaTeX2e <2017-04-15>
Babel <3.15> and hyphenation patterns for 84 language(s) loaded.
(./Rd2.tex
(/usr/share/texmf-dist/tex/latex/base/book.cls
Document Class: book 2014/09/29 v1.4h Standard LaTeX document class
(/usr/share/texmf-dist/tex/latex/base/bk10.clo))
(/usr/share/texmf/tex/latex/Rd.sty
(/usr/share/texmf-dist/tex/latex/base/ifthen.sty)
(/usr/share/texmf-dist/tex/latex/tools/longtable.sty)
(/usr/share/texmf-dist/tex/latex/tools/bm.sty)
(/usr/share/texmf-dist/tex/latex/base/alltt.sty)
(/usr/share/texmf-dist/tex/latex/tools/verbatim.sty)
(/usr/share/texmf-dist/tex/latex/url/url.sty)
(/usr/share/texmf-dist/tex/latex/base/textcomp.sty
(/usr/share/texmf-dist/tex/latex/base/ts1enc.def))
(/usr/share/texmf-dist/tex/latex/base/fontenc.sty
(/usr/share/texmf-dist/tex/latex/base/t1enc.def))
(/usr/share/texmf-dist/tex/latex/psnfss/times.sty)
(/usr/share/texmf-dist/tex/latex/inconsolata/zi4.sty
`inconsolata-zi4' v1.112, 2017/01/04 Text macros for Inconsolata (msharpe)
(/usr/share/texmf-dist/tex/latex/xkeyval/xkeyval.sty
(/usr/share/texmf-dist/tex/generic/xkeyval/xkeyval.tex
(/usr/share/texmf-dist/tex/generic/xkeyval/xkvutils.tex
(/usr/share/texmf-dist/tex/generic/xkeyval/keyval.tex)))))
(/usr/share/texmf-dist/tex/latex/graphics/color.sty
(/usr/share/texmf-dist/tex/latex/graphics-cfg/color.cfg)
(/usr/share/texmf-dist/tex/latex/graphics-def/pdftex.def))
(/usr/share/texmf-dist/tex/latex/hyperref/hyperref.sty
(/usr/share/texmf-dist/tex/generic/oberdiek/hobsub-hyperref.sty
(/usr/share/texmf-dist/tex/generic/oberdiek/hobsub-generic.sty))
(/usr/share/texmf-dist/tex/generic/ifxetex/ifxetex.sty)
(/usr/share/texmf-dist/tex/latex/oberdiek/auxhook.sty)
(/usr/share/texmf-dist/tex/latex/oberdiek/kvoptions.sty)
(/usr/share/texmf-dist/tex/latex/hyperref/pd1enc.def)
(/usr/share/texmf-dist/tex/latex/latexconfig/hyperref.cfg))

Package hyperref Message: Driver (autodetected): hpdftex.

(/usr/share/texmf-dist/tex/latex/hyperref/hpdftex.def
(/usr/share/texmf-dist/tex/latex/oberdiek/rerunfilecheck.sty))

Package hyperref Warning: Option `hyperindex' has already been used,
(hyperref)                setting the option has no effect on input line 366.


Package hyperref Warning: Option `pagebackref' has already been used,
(hyperref)                setting the option has no effect on input line 366.

) (/usr/share/texmf-dist/tex/latex/base/makeidx.sty)
(/usr/share/texmf-dist/tex/latex/base/inputenc.sty
(/usr/share/texmf-dist/tex/latex/base/utf8.def
(/usr/share/texmf-dist/tex/latex/base/t1enc.dfu)
(/usr/share/texmf-dist/tex/latex/base/ot1enc.dfu)
(/usr/share/texmf-dist/tex/latex/base/omsenc.dfu)
(/usr/share/texmf-dist/tex/latex/base/ts1enc.dfu))
(/usr/share/texmf-dist/tex/latex/base/latin1.def))
Writing index file Rd2.idx
(/tmp/RtmphPSiRg/Rd2pdf7b4cc85e850/Rd2.aux)
(/usr/share/texmf-dist/tex/latex/base/ts1cmr.fd)
(/usr/share/texmf-dist/tex/latex/psnfss/t1ptm.fd)
(/usr/share/texmf-dist/tex/context/base/mkii/supp-pdf.mkii
[Loading MPS to PDF converter (version 2006.09.02).]
) (/usr/share/texmf-dist/tex/latex/hyperref/nameref.sty
(/usr/share/texmf-dist/tex/generic/oberdiek/gettitlestring.sty))
(/tmp/RtmphPSiRg/Rd2pdf7b4cc85e850/Rd2.out)
(/tmp/RtmphPSiRg/Rd2pdf7b4cc85e850/Rd2.out)
(/usr/share/texmf-dist/tex/latex/inconsolata/t1zi4.fd)
(/usr/share/texmf-dist/tex/latex/psnfss/ts1ptm.fd) [1{/var/lib/texmf/fonts/map/
pdftex/updmap/pdftex.map}] (/usr/share/texmf-dist/tex/latex/psnfss/t1phv.fd)
(/tmp/RtmphPSiRg/Rd2pdf7b4cc85e850/Rd2.toc [2])
(/usr/share/texmf-dist/tex/latex/base/utf8.def)
Underfull \vbox (badness 10000) has occurred while \output is active [3]
[4] [5] [6] [7] (/usr/share/texmf-dist/tex/latex/base/utf8.def) [8]
(/usr/share/texmf-dist/tex/latex/base/utf8.def)
(/usr/share/texmf-dist/tex/latex/base/utf8.def) [9]
(/usr/share/texmf-dist/tex/latex/base/utf8.def)
(/usr/share/texmf-dist/tex/latex/base/utf8.def) [10]
(/usr/share/texmf-dist/tex/latex/base/utf8.def) [11]
(/usr/share/texmf-dist/tex/latex/base/utf8.def) [12]
(/usr/share/texmf-dist/tex/latex/base/utf8.def)
(/usr/share/texmf-dist/tex/latex/base/utf8.def) [13]
(/usr/share/texmf-dist/tex/latex/base/utf8.def) [14]
(/usr/share/texmf-dist/tex/latex/base/utf8.def) [15]
(/usr/share/texmf-dist/tex/latex/base/utf8.def) [16]
(/usr/share/texmf-dist/tex/latex/base/utf8.def) [17]
(/usr/share/texmf-dist/tex/latex/base/utf8.def) [18]
Overfull \hbox (21.74101pt too wide) in paragraph at lines 1047--1047
 []\T1/zi4/m/n/9 loc2loc.nosep <- eco.convert(loc2loc, "matrix", "matrix", ploi
dy = 2, sep.in = "/", sep.out = "")[] 

Overfull \hbox (24.73795pt too wide) in paragraph at lines 1060--1060
 []\T1/zi4/m/n/9 # with the purpose of put/remove separators between alleles. T
he program accepts any ploidy level.[] 
[19] (/usr/share/texmf-dist/tex/latex/base/utf8.def) [20] [21] [22]
(/usr/share/texmf-dist/tex/latex/base/utf8.def) [23]
Overfull \hbox (8.01726pt too wide) in paragraph at lines 1354--1356
[]\T1/ptm/m/n/10 Logical. Should be row stan-dard-ized the ma-trix? De-fault FA
LSE (bi-nary weights). 
[24] (/usr/share/texmf-dist/tex/latex/inconsolata/ts1zi4.fd) [25]
Underfull \vbox (badness 10000) has occurred while \output is active [26]
Underfull \vbox (badness 10000) has occurred while \output is active [27]
(/usr/share/texmf-dist/tex/latex/base/utf8.def) [28] [29]
(/usr/share/texmf-dist/tex/latex/base/utf8.def) [30]
(/usr/share/texmf-dist/tex/latex/base/utf8.def) [31] [32]
(/usr/share/texmf-dist/tex/latex/base/utf8.def) [33]
(/usr/share/texmf-dist/tex/latex/base/utf8.def) [34] [35] [36]
Underfull \vbox (badness 10000) has occurred while \output is active [37]
(/usr/share/texmf-dist/tex/latex/base/utf8.def) [38]
(/usr/share/texmf-dist/tex/latex/base/utf8.def) [39] [40]
Underfull \vbox (badness 10000) has occurred while \output is active [41]
Overfull \hbox (2.24715pt too wide) in paragraph at lines 2456--2456
 []\T1/zi4/m/n/9 ecoslot.BREAKS(classlist) # information about breaks. It inclu
des the upper and lower limits[] 
(/usr/share/texmf-dist/tex/latex/base/utf8.def)
(/usr/share/texmf-dist/tex/latex/base/utf8.def) [42] [43]
(/usr/share/texmf-dist/tex/latex/base/utf8.def) [44]
Overfull \hbox (13.0158pt too wide) in paragraph at lines 2720--2722
[]\T1/ptm/m/n/10 For mul-ti-ple test, if the pa-ram-e-ter multi = "ma-trix", th
e pro-gram re-turns an ob-ject of class "eco.multilsa"
[45] [46]
Underfull \vbox (badness 10000) has occurred while \output is active [47]
Underfull \vbox (badness 10000) has occurred while \output is active [48]
Overfull \hbox (3.75021pt too wide) in paragraph at lines 2916--2916
 []\T1/zi4/m/n/9 ### (see ?eco.rankplot) when test = "permutation" and "eco.for
estplot" (see ?eco.forestplot)[] 

Underfull \vbox (badness 10000) has occurred while \output is active [49]
(/usr/share/texmf-dist/tex/latex/base/utf8.def) [50]
Overfull \hbox (8.01726pt too wide) in paragraph at lines 3057--3059
[]\T1/ptm/m/n/10 Logical. Should be row stan-dard-ized the ma-trix? De-fault FA
LSE (bi-nary weights). 
[51] [52] [53]
Underfull \vbox (badness 10000) has occurred while \output is active [54]
(/usr/share/texmf-dist/tex/latex/base/utf8.def) [55] [56]
(/usr/share/texmf-dist/tex/latex/base/utf8.def)
Overfull \hbox (15.56815pt too wide) in paragraph at lines 3509--3513
[]\T1/ptm/m/n/10 Data frames to merge. Could be any com-bi-na-tion of the fol-l
ow-ing: "XY",P","G","E"
[57] (/usr/share/texmf-dist/tex/latex/base/utf8.def) [58]
(/usr/share/texmf-dist/tex/latex/base/utf8.def) [59] [60]
(/usr/share/texmf-dist/tex/latex/base/utf8.def) [61]
(/usr/share/texmf-dist/tex/latex/base/utf8.def) [62]
(/usr/share/texmf-dist/tex/latex/base/utf8.def) [63]
(/usr/share/texmf-dist/tex/latex/base/utf8.def) [64]
(/usr/share/texmf-dist/tex/latex/base/utf8.def)
(/usr/share/texmf-dist/tex/latex/base/utf8.def) [65] [66]
Overfull \hbox (48.64687pt too wide) in paragraph at lines 4099--4101
[]\T1/ptm/m/n/10 additional ar-gu-ments passed to eco.rankplot, eco.forestplot,
 eco.resterplot o grf.seqmultiplot,
(/usr/share/texmf-dist/tex/latex/base/utf8.def)
(/usr/share/texmf-dist/tex/latex/base/utf8.def) [67] [68]
(/usr/share/texmf-dist/tex/latex/base/utf8.def) [69]
(/usr/share/texmf-dist/tex/latex/base/utf8.def) [70] [71]
(/usr/share/texmf-dist/tex/latex/base/utf8.def) [72]
(/usr/share/texmf-dist/tex/latex/base/utf8.def) [73]
(/usr/share/texmf-dist/tex/latex/base/utf8.def) [74]
(/usr/share/texmf-dist/tex/latex/base/utf8.def) [75]
(/usr/share/texmf-dist/tex/latex/base/utf8.def)
Overfull \hbox (24.73795pt too wide) in paragraph at lines 4717--4717
 []\T1/zi4/m/n/9 ras.square <- eco.slide.matrix(ras, r = 3, slide = 1, function
(x) mean(x, na.rm = TRUE), "square")[] 
[76] (/usr/share/texmf-dist/tex/latex/base/utf8.def) [77]
(/usr/share/texmf-dist/tex/latex/base/utf8.def) [78]
(/usr/share/texmf-dist/tex/latex/base/utf8.def) [79]
(/usr/share/texmf-dist/tex/latex/base/utf8.def)
Overfull \hbox (8.01726pt too wide) in paragraph at lines 4966--4968
[]\T1/ptm/m/n/10 Logical. Should be row stan-dard-ized the ma-trix? De-fault FA
LSE (bi-nary weights). 
[80] [81] (/usr/share/texmf-dist/tex/latex/base/utf8.def)
Overfull \hbox (8.01726pt too wide) in paragraph at lines 5087--5089
[]\T1/ptm/m/n/10 Logical. Should be row stan-dard-ized the ma-trix? De-fault FA
LSE (bi-nary weights). 
[82] [83] [84]
Underfull \vbox (badness 10000) has occurred while \output is active [85]
(/usr/share/texmf-dist/tex/latex/base/utf8.def)
(/usr/share/texmf-dist/tex/latex/base/utf8.def) [86]
(/usr/share/texmf-dist/tex/latex/base/utf8.def) [87]
Overfull \hbox (0.93724pt too wide) in paragraph at lines 5457--5459
[]\T1/ptm/m/n/10 Logical. Cre-ate valid row names? This ar-gu-ment is in-com-pa
t-i-ble with set.names.
[88] [89]
Overfull \hbox (5.23488pt too wide) in paragraph at lines 5563--5563
 []\T1/zi4/m/n/9 ecoslot.OUT(eco) <- list(singers, golden.number)    # several 
objects must be passed as a list[] 
(/usr/share/texmf-dist/tex/latex/base/utf8.def) [90]
(/usr/share/texmf-dist/tex/latex/base/utf8.def)
(/usr/share/texmf-dist/tex/latex/base/utf8.def) [91]
(/usr/share/texmf-dist/tex/latex/base/utf8.def) [92]
(/usr/share/texmf-dist/tex/latex/base/utf8.def) [93]
(/usr/share/texmf-dist/tex/latex/base/utf8.def) [94]
Overfull \hbox (20.24715pt too wide) in paragraph at lines 5917--5917
 []\T1/zi4/m/n/9 ecogen2spagedi(eco, dir = "", pop = "pop", ndig = 1,int=2, sma
x=6, outName="infile.spagedi.txt")[] 
(/usr/share/texmf-dist/tex/latex/base/utf8.def) [95]
(/usr/share/texmf-dist/tex/latex/base/utf8.def)
(/usr/share/texmf-dist/tex/latex/base/utf8.def) [96]
(/usr/share/texmf-dist/tex/latex/base/utf8.def)
(/usr/share/texmf-dist/tex/latex/base/utf8.def) [97]
(/usr/share/texmf-dist/tex/latex/base/utf8.def)
(/usr/share/texmf-dist/tex/latex/base/utf8.def) [98]
(/usr/share/texmf-dist/tex/latex/base/utf8.def) [99]
Overfull \hbox (20.24715pt too wide) in paragraph at lines 6142--6142
 []\T1/zi4/m/n/9 ecogen2spagedi(eco, dir = "", pop = "pop", ndig = 1,int=2, sma
x=6, outName="infile.spagedi.txt")[] 
(/usr/share/texmf-dist/tex/latex/base/utf8.def)
(/usr/share/texmf-dist/tex/latex/base/utf8.def) [100]
(/usr/share/texmf-dist/tex/latex/base/utf8.def)
(/usr/share/texmf-dist/tex/latex/base/utf8.def) [101]
(/tmp/RtmphPSiRg/Rd2pdf7b4cc85e850/Rd2.ind [102]

LaTeX Font Warning: Font shape `T1/zi4/m/it' undefined
(Font)              using `T1/zi4/m/n' instead on input line 73.


Overfull \hbox (5.8567pt too wide) in paragraph at lines 73--75
[]\T1/zi4/m/n/10 eco.forestplot,dataframeORmatrix-method 

Overfull \hbox (25.8567pt too wide) in paragraph at lines 113--115
[]\T1/zi4/m/it/10 eco.rankplot,eco.lsa,missing,missing-method 

Overfull \hbox (70.8567pt too wide) in paragraph at lines 117--119
[]\T1/zi4/m/it/10 eco.rankplot,factor,dataframeORmatrix,missing-method 

Overfull \hbox (75.8567pt too wide) in paragraph at lines 121--123
[]\T1/zi4/m/it/10 eco.rankplot,numeric,dataframeORmatrix,missing-method 
[103] [104]) (/tmp/RtmphPSiRg/Rd2pdf7b4cc85e850/Rd2.aux)

Package rerunfilecheck Warning: File `Rd2.out' has changed.
(rerunfilecheck)                Rerun to get outlines right
(rerunfilecheck)                or use package `bookmark'.


LaTeX Font Warning: Some font shapes were not available, defaults substituted.

 )
(see the transcript file for additional information)pdfTeX warning (dest): name
{Rfn.dist} has been referenced but does not exist, replaced by a fixed one

pdfTeX warning (dest): name{Rfn.rkt} has been referenced but does not exist, re
placed by a fixed one

pdfTeX warning (dest): name{Rfn.plot.igraph} has been referenced but does not e
xist, replaced by a fixed one

pdfTeX warning (dest): name{Rfn.forceNetwork} has been referenced but does not 
exist, replaced by a fixed one

pdfTeX warning (dest): name{Rfn.TukeyHSD} has been referenced but does not exis
t, replaced by a fixed one

pdfTeX warning (dest): name{Rfn.wilcox.test} has been referenced but does not e
xist, replaced by a fixed one

pdfTeX warning (dest): name{Rfn.calc} has been referenced but does not exist, r
eplaced by a fixed one

pdfTeX warning (dest): name{Rfn.dataType} has been referenced but does not exis
t, replaced by a fixed one

pdfTeX warning (dest): name{Rfn.ctree} has been referenced but does not exist, 
replaced by a fixed one

pdfTeX warning (dest): name{Rfn.lm} has been referenced but does not exist, rep
laced by a fixed one

pdfTeX warning (dest): name{Rfn.step} has been referenced but does not exist, r
eplaced by a fixed one

pdfTeX warning (dest): name{Rfn.cor.test} has been referenced but does not exis
t, replaced by a fixed one

pdfTeX warning (dest): name{Rfn.cor} has been referenced but does not exist, re
placed by a fixed one

pdfTeX warning (dest): name{Rfn.fisher.test} has been referenced but does not e
xist, replaced by a fixed one

pdfTeX warning (dest): name{Rfn.chisq.test} has been referenced but does not ex
ist, replaced by a fixed one

pdfTeX warning (dest): name{Rfn.p.adjust} has been referenced but does not exis
t, replaced by a fixed one

pdfTeX warning (dest): name{Rfn.order} has been referenced but does not exist, 
replaced by a fixed one

pdfTeX warning (dest): name{Rfn.geoXY} has been referenced but does not exist, 
replaced by a fixed one

pdfTeX warning (dest): name{Rfn.saveRDS} has been referenced but does not exist
, replaced by a fixed one

pdfTeX warning (dest): name{Rfn.Extract} has been referenced but does not exist
, replaced by a fixed one

pdfTeX warning (dest): name{Rfn.ecoslot.XY} has been referenced but does not ex
ist, replaced by a fixed one

pdfTeX warning (dest): name{Rfn.Methods} has been referenced but does not exist
, replaced by a fixed one

{/usr/share/texmf-dist/fonts/enc/dvips/inconsolata/i4-ts1.enc}{/usr/share/texmf
-dist/fonts/enc/dvips/base/8r.enc}{/usr/share/texmf-dist/fonts/enc/dvips/incons
olata/i4-t1-0.enc}</usr/share/texmf-dist/fonts/type1/public/inconsolata/Inconso
lata-zi4r.pfb></usr/share/texmf-dist/fonts/type1/public/amsfonts/cm/cmsy10.pfb>
</usr/share/texmf-dist/fonts/type1/urw/helvetic/uhvr8a.pfb></usr/share/texmf-di
st/fonts/type1/urw/times/utmb8a.pfb></usr/share/texmf-dist/fonts/type1/urw/time
s/utmbi8a.pfb></usr/share/texmf-dist/fonts/type1/urw/times/utmr8a.pfb></usr/sha
re/texmf-dist/fonts/type1/urw/times/utmr8a.pfb></usr/share/texmf-dist/fonts/typ
e1/urw/times/utmri8a.pfb>
Output written on Rd2.pdf (104 pages, 312457 bytes).
Transcript written on Rd2.log.
This is makeindex, version 2.15 [TeX Live 2017] (kpathsea + Thai support).
Scanning input file Rd2.idx....done (217 entries accepted, 1 rejected).
Sorting entries.....done (1865 comparisons).
Generating output file Rd2.ind....done (262 lines written, 0 warnings).
Output written in Rd2.ind.
Transcript written in Rd2.ilg.
This is pdfTeX, Version 3.14159265-2.6-1.40.18 (TeX Live 2017/Arch Linux) (preloaded format=pdflatex)
 restricted \write18 enabled.
entering extended mode
LaTeX2e <2017-04-15>
Babel <3.15> and hyphenation patterns for 84 language(s) loaded.
(./Rd2.tex
(/usr/share/texmf-dist/tex/latex/base/book.cls
Document Class: book 2014/09/29 v1.4h Standard LaTeX document class
(/usr/share/texmf-dist/tex/latex/base/bk10.clo))
(/usr/share/texmf/tex/latex/Rd.sty
(/usr/share/texmf-dist/tex/latex/base/ifthen.sty)
(/usr/share/texmf-dist/tex/latex/tools/longtable.sty)
(/usr/share/texmf-dist/tex/latex/tools/bm.sty)
(/usr/share/texmf-dist/tex/latex/base/alltt.sty)
(/usr/share/texmf-dist/tex/latex/tools/verbatim.sty)
(/usr/share/texmf-dist/tex/latex/url/url.sty)
(/usr/share/texmf-dist/tex/latex/base/textcomp.sty
(/usr/share/texmf-dist/tex/latex/base/ts1enc.def))
(/usr/share/texmf-dist/tex/latex/base/fontenc.sty
(/usr/share/texmf-dist/tex/latex/base/t1enc.def))
(/usr/share/texmf-dist/tex/latex/psnfss/times.sty)
(/usr/share/texmf-dist/tex/latex/inconsolata/zi4.sty
`inconsolata-zi4' v1.112, 2017/01/04 Text macros for Inconsolata (msharpe)
(/usr/share/texmf-dist/tex/latex/xkeyval/xkeyval.sty
(/usr/share/texmf-dist/tex/generic/xkeyval/xkeyval.tex
(/usr/share/texmf-dist/tex/generic/xkeyval/xkvutils.tex
(/usr/share/texmf-dist/tex/generic/xkeyval/keyval.tex)))))
(/usr/share/texmf-dist/tex/latex/graphics/color.sty
(/usr/share/texmf-dist/tex/latex/graphics-cfg/color.cfg)
(/usr/share/texmf-dist/tex/latex/graphics-def/pdftex.def))
(/usr/share/texmf-dist/tex/latex/hyperref/hyperref.sty
(/usr/share/texmf-dist/tex/generic/oberdiek/hobsub-hyperref.sty
(/usr/share/texmf-dist/tex/generic/oberdiek/hobsub-generic.sty))
(/usr/share/texmf-dist/tex/generic/ifxetex/ifxetex.sty)
(/usr/share/texmf-dist/tex/latex/oberdiek/auxhook.sty)
(/usr/share/texmf-dist/tex/latex/oberdiek/kvoptions.sty)
(/usr/share/texmf-dist/tex/latex/hyperref/pd1enc.def)
(/usr/share/texmf-dist/tex/latex/latexconfig/hyperref.cfg))

Package hyperref Message: Driver (autodetected): hpdftex.

(/usr/share/texmf-dist/tex/latex/hyperref/hpdftex.def
(/usr/share/texmf-dist/tex/latex/oberdiek/rerunfilecheck.sty))

Package hyperref Warning: Option `hyperindex' has already been used,
(hyperref)                setting the option has no effect on input line 366.


Package hyperref Warning: Option `pagebackref' has already been used,
(hyperref)                setting the option has no effect on input line 366.

) (/usr/share/texmf-dist/tex/latex/base/makeidx.sty)
(/usr/share/texmf-dist/tex/latex/base/inputenc.sty
(/usr/share/texmf-dist/tex/latex/base/utf8.def
(/usr/share/texmf-dist/tex/latex/base/t1enc.dfu)
(/usr/share/texmf-dist/tex/latex/base/ot1enc.dfu)
(/usr/share/texmf-dist/tex/latex/base/omsenc.dfu)
(/usr/share/texmf-dist/tex/latex/base/ts1enc.dfu))
(/usr/share/texmf-dist/tex/latex/base/latin1.def))
Writing index file Rd2.idx
(/tmp/RtmphPSiRg/Rd2pdf7b4cc85e850/Rd2.aux)
(/usr/share/texmf-dist/tex/latex/base/ts1cmr.fd)
(/usr/share/texmf-dist/tex/latex/psnfss/t1ptm.fd)
(/usr/share/texmf-dist/tex/context/base/mkii/supp-pdf.mkii
[Loading MPS to PDF converter (version 2006.09.02).]
) (/usr/share/texmf-dist/tex/latex/hyperref/nameref.sty
(/usr/share/texmf-dist/tex/generic/oberdiek/gettitlestring.sty))
(/tmp/RtmphPSiRg/Rd2pdf7b4cc85e850/Rd2.out)
(/tmp/RtmphPSiRg/Rd2pdf7b4cc85e850/Rd2.out)
(/usr/share/texmf-dist/tex/latex/inconsolata/t1zi4.fd)
(/usr/share/texmf-dist/tex/latex/psnfss/ts1ptm.fd) [1{/var/lib/texmf/fonts/map/
pdftex/updmap/pdftex.map}] (/usr/share/texmf-dist/tex/latex/psnfss/t1phv.fd)
(/tmp/RtmphPSiRg/Rd2pdf7b4cc85e850/Rd2.toc [2])
(/usr/share/texmf-dist/tex/latex/base/utf8.def)
Overfull \vbox (3.64125pt too high) has occurred while \output is active
[3] [4] [5] [6] [7] (/usr/share/texmf-dist/tex/latex/base/utf8.def) [8]
(/usr/share/texmf-dist/tex/latex/base/utf8.def)
(/usr/share/texmf-dist/tex/latex/base/utf8.def) [9]
(/usr/share/texmf-dist/tex/latex/base/utf8.def)
(/usr/share/texmf-dist/tex/latex/base/utf8.def) [10]
(/usr/share/texmf-dist/tex/latex/base/utf8.def) [11]
(/usr/share/texmf-dist/tex/latex/base/utf8.def) [12]
(/usr/share/texmf-dist/tex/latex/base/utf8.def)
(/usr/share/texmf-dist/tex/latex/base/utf8.def) [13]
(/usr/share/texmf-dist/tex/latex/base/utf8.def) [14]
(/usr/share/texmf-dist/tex/latex/base/utf8.def) [15]
(/usr/share/texmf-dist/tex/latex/base/utf8.def) [16]
(/usr/share/texmf-dist/tex/latex/base/utf8.def) [17]
(/usr/share/texmf-dist/tex/latex/base/utf8.def) [18]
Overfull \hbox (21.74101pt too wide) in paragraph at lines 1047--1047
 []\T1/zi4/m/n/9 loc2loc.nosep <- eco.convert(loc2loc, "matrix", "matrix", ploi
dy = 2, sep.in = "/", sep.out = "")[] 

Overfull \hbox (24.73795pt too wide) in paragraph at lines 1060--1060
 []\T1/zi4/m/n/9 # with the purpose of put/remove separators between alleles. T
he program accepts any ploidy level.[] 
[19] (/usr/share/texmf-dist/tex/latex/base/utf8.def) [20] [21] [22]
(/usr/share/texmf-dist/tex/latex/base/utf8.def) [23]
Overfull \hbox (8.01726pt too wide) in paragraph at lines 1354--1356
[]\T1/ptm/m/n/10 Logical. Should be row stan-dard-ized the ma-trix? De-fault FA
LSE (bi-nary weights). 
[24] (/usr/share/texmf-dist/tex/latex/inconsolata/ts1zi4.fd) [25]
Underfull \vbox (badness 10000) has occurred while \output is active [26]
Underfull \vbox (badness 10000) has occurred while \output is active [27]
(/usr/share/texmf-dist/tex/latex/base/utf8.def) [28] [29]
(/usr/share/texmf-dist/tex/latex/base/utf8.def) [30]
(/usr/share/texmf-dist/tex/latex/base/utf8.def) [31] [32]
(/usr/share/texmf-dist/tex/latex/base/utf8.def) [33]
(/usr/share/texmf-dist/tex/latex/base/utf8.def) [34] [35] [36]
Underfull \vbox (badness 10000) has occurred while \output is active [37]
(/usr/share/texmf-dist/tex/latex/base/utf8.def) [38]
(/usr/share/texmf-dist/tex/latex/base/utf8.def) [39] [40]
Underfull \vbox (badness 10000) has occurred while \output is active [41]
Overfull \hbox (2.24715pt too wide) in paragraph at lines 2456--2456
 []\T1/zi4/m/n/9 ecoslot.BREAKS(classlist) # information about breaks. It inclu
des the upper and lower limits[] 
(/usr/share/texmf-dist/tex/latex/base/utf8.def)
(/usr/share/texmf-dist/tex/latex/base/utf8.def) [42] [43]
(/usr/share/texmf-dist/tex/latex/base/utf8.def) [44]
Overfull \hbox (13.0158pt too wide) in paragraph at lines 2720--2722
[]\T1/ptm/m/n/10 For mul-ti-ple test, if the pa-ram-e-ter multi = "ma-trix", th
e pro-gram re-turns an ob-ject of class "eco.multilsa"
[45] [46]
Underfull \vbox (badness 10000) has occurred while \output is active [47]
Underfull \vbox (badness 10000) has occurred while \output is active [48]
Overfull \hbox (3.75021pt too wide) in paragraph at lines 2916--2916
 []\T1/zi4/m/n/9 ### (see ?eco.rankplot) when test = "permutation" and "eco.for
estplot" (see ?eco.forestplot)[] 

Underfull \vbox (badness 10000) has occurred while \output is active [49]
(/usr/share/texmf-dist/tex/latex/base/utf8.def) [50]
Overfull \hbox (8.01726pt too wide) in paragraph at lines 3057--3059
[]\T1/ptm/m/n/10 Logical. Should be row stan-dard-ized the ma-trix? De-fault FA
LSE (bi-nary weights). 
[51] [52] [53]
Underfull \vbox (badness 10000) has occurred while \output is active [54]
(/usr/share/texmf-dist/tex/latex/base/utf8.def) [55] [56]
(/usr/share/texmf-dist/tex/latex/base/utf8.def)
Overfull \hbox (15.56815pt too wide) in paragraph at lines 3509--3513
[]\T1/ptm/m/n/10 Data frames to merge. Could be any com-bi-na-tion of the fol-l
ow-ing: "XY",P","G","E"
[57] (/usr/share/texmf-dist/tex/latex/base/utf8.def) [58]
(/usr/share/texmf-dist/tex/latex/base/utf8.def) [59] [60]
(/usr/share/texmf-dist/tex/latex/base/utf8.def) [61]
(/usr/share/texmf-dist/tex/latex/base/utf8.def) [62]
(/usr/share/texmf-dist/tex/latex/base/utf8.def) [63]
(/usr/share/texmf-dist/tex/latex/base/utf8.def) [64]
(/usr/share/texmf-dist/tex/latex/base/utf8.def)
(/usr/share/texmf-dist/tex/latex/base/utf8.def) [65] [66]
Overfull \hbox (48.64687pt too wide) in paragraph at lines 4099--4101
[]\T1/ptm/m/n/10 additional ar-gu-ments passed to eco.rankplot, eco.forestplot,
 eco.resterplot o grf.seqmultiplot,
(/usr/share/texmf-dist/tex/latex/base/utf8.def)
(/usr/share/texmf-dist/tex/latex/base/utf8.def) [67] [68]
(/usr/share/texmf-dist/tex/latex/base/utf8.def) [69]
(/usr/share/texmf-dist/tex/latex/base/utf8.def) [70] [71]
(/usr/share/texmf-dist/tex/latex/base/utf8.def) [72]
(/usr/share/texmf-dist/tex/latex/base/utf8.def) [73]
(/usr/share/texmf-dist/tex/latex/base/utf8.def) [74]
(/usr/share/texmf-dist/tex/latex/base/utf8.def) [75]
(/usr/share/texmf-dist/tex/latex/base/utf8.def)
Overfull \hbox (24.73795pt too wide) in paragraph at lines 4717--4717
 []\T1/zi4/m/n/9 ras.square <- eco.slide.matrix(ras, r = 3, slide = 1, function
(x) mean(x, na.rm = TRUE), "square")[] 
[76] (/usr/share/texmf-dist/tex/latex/base/utf8.def) [77]
(/usr/share/texmf-dist/tex/latex/base/utf8.def) [78]
(/usr/share/texmf-dist/tex/latex/base/utf8.def) [79]
(/usr/share/texmf-dist/tex/latex/base/utf8.def)
Overfull \hbox (8.01726pt too wide) in paragraph at lines 4966--4968
[]\T1/ptm/m/n/10 Logical. Should be row stan-dard-ized the ma-trix? De-fault FA
LSE (bi-nary weights). 
[80] [81] (/usr/share/texmf-dist/tex/latex/base/utf8.def)
Overfull \hbox (8.01726pt too wide) in paragraph at lines 5087--5089
[]\T1/ptm/m/n/10 Logical. Should be row stan-dard-ized the ma-trix? De-fault FA
LSE (bi-nary weights). 
[82] [83] [84]
Underfull \vbox (badness 10000) has occurred while \output is active [85]
(/usr/share/texmf-dist/tex/latex/base/utf8.def)
(/usr/share/texmf-dist/tex/latex/base/utf8.def) [86]
(/usr/share/texmf-dist/tex/latex/base/utf8.def) [87]
Overfull \hbox (0.93724pt too wide) in paragraph at lines 5457--5459
[]\T1/ptm/m/n/10 Logical. Cre-ate valid row names? This ar-gu-ment is in-com-pa
t-i-ble with set.names.
[88] [89]
Overfull \hbox (5.23488pt too wide) in paragraph at lines 5563--5563
 []\T1/zi4/m/n/9 ecoslot.OUT(eco) <- list(singers, golden.number)    # several 
objects must be passed as a list[] 
(/usr/share/texmf-dist/tex/latex/base/utf8.def) [90]
(/usr/share/texmf-dist/tex/latex/base/utf8.def)
(/usr/share/texmf-dist/tex/latex/base/utf8.def) [91]
(/usr/share/texmf-dist/tex/latex/base/utf8.def) [92]
(/usr/share/texmf-dist/tex/latex/base/utf8.def) [93]
(/usr/share/texmf-dist/tex/latex/base/utf8.def) [94]
Overfull \hbox (20.24715pt too wide) in paragraph at lines 5917--5917
 []\T1/zi4/m/n/9 ecogen2spagedi(eco, dir = "", pop = "pop", ndig = 1,int=2, sma
x=6, outName="infile.spagedi.txt")[] 
(/usr/share/texmf-dist/tex/latex/base/utf8.def) [95]
(/usr/share/texmf-dist/tex/latex/base/utf8.def)
(/usr/share/texmf-dist/tex/latex/base/utf8.def) [96]
(/usr/share/texmf-dist/tex/latex/base/utf8.def)
(/usr/share/texmf-dist/tex/latex/base/utf8.def) [97]
(/usr/share/texmf-dist/tex/latex/base/utf8.def)
(/usr/share/texmf-dist/tex/latex/base/utf8.def) [98]
(/usr/share/texmf-dist/tex/latex/base/utf8.def) [99]
Overfull \hbox (20.24715pt too wide) in paragraph at lines 6142--6142
 []\T1/zi4/m/n/9 ecogen2spagedi(eco, dir = "", pop = "pop", ndig = 1,int=2, sma
x=6, outName="infile.spagedi.txt")[] 
(/usr/share/texmf-dist/tex/latex/base/utf8.def)
(/usr/share/texmf-dist/tex/latex/base/utf8.def) [100]
(/usr/share/texmf-dist/tex/latex/base/utf8.def)
(/usr/share/texmf-dist/tex/latex/base/utf8.def) [101]
(/tmp/RtmphPSiRg/Rd2pdf7b4cc85e850/Rd2.ind [102]

LaTeX Font Warning: Font shape `T1/zi4/m/it' undefined
(Font)              using `T1/zi4/m/n' instead on input line 73.


Overfull \hbox (5.8567pt too wide) in paragraph at lines 73--75
[]\T1/zi4/m/n/10 eco.forestplot,dataframeORmatrix-method 

Overfull \hbox (25.8567pt too wide) in paragraph at lines 113--115
[]\T1/zi4/m/it/10 eco.rankplot,eco.lsa,missing,missing-method 

Overfull \hbox (70.8567pt too wide) in paragraph at lines 117--119
[]\T1/zi4/m/it/10 eco.rankplot,factor,dataframeORmatrix,missing-method 

Overfull \hbox (75.8567pt too wide) in paragraph at lines 121--123
[]\T1/zi4/m/it/10 eco.rankplot,numeric,dataframeORmatrix,missing-method 
[103] [104]) (/tmp/RtmphPSiRg/Rd2pdf7b4cc85e850/Rd2.aux)

LaTeX Font Warning: Some font shapes were not available, defaults substituted.

 )
(see the transcript file for additional information)pdfTeX warning (dest): name
{Rfn.dist} has been referenced but does not exist, replaced by a fixed one

pdfTeX warning (dest): name{Rfn.rkt} has been referenced but does not exist, re
placed by a fixed one

pdfTeX warning (dest): name{Rfn.plot.igraph} has been referenced but does not e
xist, replaced by a fixed one

pdfTeX warning (dest): name{Rfn.forceNetwork} has been referenced but does not 
exist, replaced by a fixed one

pdfTeX warning (dest): name{Rfn.TukeyHSD} has been referenced but does not exis
t, replaced by a fixed one

pdfTeX warning (dest): name{Rfn.wilcox.test} has been referenced but does not e
xist, replaced by a fixed one

pdfTeX warning (dest): name{Rfn.calc} has been referenced but does not exist, r
eplaced by a fixed one

pdfTeX warning (dest): name{Rfn.dataType} has been referenced but does not exis
t, replaced by a fixed one

pdfTeX warning (dest): name{Rfn.ctree} has been referenced but does not exist, 
replaced by a fixed one

pdfTeX warning (dest): name{Rfn.lm} has been referenced but does not exist, rep
laced by a fixed one

pdfTeX warning (dest): name{Rfn.step} has been referenced but does not exist, r
eplaced by a fixed one

pdfTeX warning (dest): name{Rfn.cor.test} has been referenced but does not exis
t, replaced by a fixed one

pdfTeX warning (dest): name{Rfn.cor} has been referenced but does not exist, re
placed by a fixed one

pdfTeX warning (dest): name{Rfn.fisher.test} has been referenced but does not e
xist, replaced by a fixed one

pdfTeX warning (dest): name{Rfn.chisq.test} has been referenced but does not ex
ist, replaced by a fixed one

pdfTeX warning (dest): name{Rfn.p.adjust} has been referenced but does not exis
t, replaced by a fixed one

pdfTeX warning (dest): name{Rfn.order} has been referenced but does not exist, 
replaced by a fixed one

pdfTeX warning (dest): name{Rfn.geoXY} has been referenced but does not exist, 
replaced by a fixed one

pdfTeX warning (dest): name{Rfn.saveRDS} has been referenced but does not exist
, replaced by a fixed one

pdfTeX warning (dest): name{Rfn.Extract} has been referenced but does not exist
, replaced by a fixed one

pdfTeX warning (dest): name{Rfn.ecoslot.XY} has been referenced but does not ex
ist, replaced by a fixed one

pdfTeX warning (dest): name{Rfn.Methods} has been referenced but does not exist
, replaced by a fixed one

{/usr/share/texmf-dist/fonts/enc/dvips/inconsolata/i4-ts1.enc}{/usr/share/texmf
-dist/fonts/enc/dvips/base/8r.enc}{/usr/share/texmf-dist/fonts/enc/dvips/incons
olata/i4-t1-0.enc}</usr/share/texmf-dist/fonts/type1/public/inconsolata/Inconso
lata-zi4r.pfb></usr/share/texmf-dist/fonts/type1/public/amsfonts/cm/cmsy10.pfb>
</usr/share/texmf-dist/fonts/type1/urw/helvetic/uhvr8a.pfb></usr/share/texmf-di
st/fonts/type1/urw/times/utmb8a.pfb></usr/share/texmf-dist/fonts/type1/urw/time
s/utmbi8a.pfb></usr/share/texmf-dist/fonts/type1/urw/times/utmr8a.pfb></usr/sha
re/texmf-dist/fonts/type1/urw/times/utmr8a.pfb></usr/share/texmf-dist/fonts/typ
e1/urw/times/utmri8a.pfb>
Output written on Rd2.pdf (104 pages, 312663 bytes).
Transcript written on Rd2.log.
Saving output to EcoGenetics-manual.pdf ...
Done
You may want to clean up by 'rm -rf /tmp/RtmphPSiRg/Rd2pdf7b4cc85e850'
